<?xml version="1.0" encoding="UTF-8"?>
<!-- Generated by org.testng.reporters.JUnitReportReporter -->
<testsuite hostname="QT-INBG-LT0440" failures="0" tests="1" name="mobile.contactus" time="6.900" errors="0" timestamp="2022-08-02T12:53:08 IST" skipped="0">
  <testcase classname="mobile.contactus" name="contact" time="6.900"/>
  <system-out/>
</testsuite> <!-- mobile.contactus -->
