<?xml version="1.0" encoding="UTF-8"?>
<!-- Generated by org.testng.reporters.JUnitReportReporter -->
<testsuite hostname="QT-INBG-LT0440" failures="0" tests="1" name="mobile.signin" time="12.593" errors="0" timestamp="2022-08-02T10:08:25 IST" skipped="0">
  <testcase classname="mobile.signin" name="launch" time="12.593"/>
  <system-out/>
</testsuite> <!-- mobile.signin -->
